[2024-05-19T15:31:48.203+0000] {local_task_job_runner.py:120} INFO - ::group::Pre task execution logs
[2024-05-19T15:31:48.209+0000] {taskinstance.py:2076} INFO - Dependencies all met for dep_context=non-requeueable deps ti=<TaskInstance: disney_api_to_s3.get_disney_data manual__2024-05-19T15:31:46.098966+00:00 [queued]>
[2024-05-19T15:31:48.213+0000] {taskinstance.py:2076} INFO - Dependencies all met for dep_context=requeueable deps ti=<TaskInstance: disney_api_to_s3.get_disney_data manual__2024-05-19T15:31:46.098966+00:00 [queued]>
[2024-05-19T15:31:48.213+0000] {taskinstance.py:2306} INFO - Starting attempt 1 of 2
[2024-05-19T15:31:48.218+0000] {taskinstance.py:2330} INFO - Executing <Task(SimpleHttpOperator): get_disney_data> on 2024-05-19 15:31:46.098966+00:00
[2024-05-19T15:31:48.223+0000] {warnings.py:110} WARNING - /home/***/.local/lib/python3.12/site-packages/***/task/task_runner/standard_task_runner.py:61: DeprecationWarning: This process (pid=409) is multi-threaded, use of fork() may lead to deadlocks in the child.
  pid = os.fork()

[2024-05-19T15:31:48.226+0000] {standard_task_runner.py:63} INFO - Started process 412 to run task
[2024-05-19T15:31:48.226+0000] {standard_task_runner.py:90} INFO - Running: ['***', 'tasks', 'run', 'disney_api_to_s3', 'get_disney_data', 'manual__2024-05-19T15:31:46.098966+00:00', '--job-id', '12', '--raw', '--subdir', 'DAGS_FOLDER/disney_api_to_s3_dag.py', '--cfg-path', '/tmp/tmpoijpg9mb']
[2024-05-19T15:31:48.228+0000] {standard_task_runner.py:91} INFO - Job 12: Subtask get_disney_data
[2024-05-19T15:31:48.269+0000] {task_command.py:426} INFO - Running <TaskInstance: disney_api_to_s3.get_disney_data manual__2024-05-19T15:31:46.098966+00:00 [running]> on host 620090466bc8
[2024-05-19T15:31:48.318+0000] {taskinstance.py:2648} INFO - Exporting env vars: AIRFLOW_CTX_DAG_OWNER='***' AIRFLOW_CTX_DAG_ID='disney_api_to_s3' AIRFLOW_CTX_TASK_ID='get_disney_data' AIRFLOW_CTX_EXECUTION_DATE='2024-05-19T15:31:46.098966+00:00' AIRFLOW_CTX_TRY_NUMBER='1' AIRFLOW_CTX_DAG_RUN_ID='manual__2024-05-19T15:31:46.098966+00:00'
[2024-05-19T15:31:48.319+0000] {taskinstance.py:430} INFO - ::endgroup::
[2024-05-19T15:31:48.326+0000] {http.py:169} INFO - Calling HTTP method
[2024-05-19T15:31:48.330+0000] {base.py:84} INFO - Using connection ID 'disney_api' for task execution.
[2024-05-19T15:31:48.334+0000] {base.py:84} INFO - Using connection ID 'disney_api' for task execution.
[2024-05-19T15:31:48.819+0000] {http.py:199} ERROR - HTTP error: Not Found
[2024-05-19T15:31:48.821+0000] {http.py:200} ERROR - <!DOCTYPE html>
<html lang="en">
<head>
<meta charset="utf-8">
<title>Error</title>
</head>
<body>
<pre>Cannot GET /characters</pre>
</body>
</html>

[2024-05-19T15:31:48.823+0000] {taskinstance.py:441} INFO - ::group::Post task execution logs
[2024-05-19T15:31:48.842+0000] {taskinstance.py:2905} ERROR - Task failed with exception
Traceback (most recent call last):
  File "/home/airflow/.local/lib/python3.12/site-packages/airflow/providers/http/hooks/http.py", line 197, in check_response
    response.raise_for_status()
  File "/home/airflow/.local/lib/python3.12/site-packages/requests/models.py", line 1021, in raise_for_status
    raise HTTPError(http_error_msg, response=self)
requests.exceptions.HTTPError: 404 Client Error: Not Found for url: https://api.disneyapi.dev/characters

During handling of the above exception, another exception occurred:

Traceback (most recent call last):
  File "/home/airflow/.local/lib/python3.12/site-packages/airflow/models/taskinstance.py", line 465, in _execute_task
    result = _execute_callable(context=context, **execute_callable_kwargs)
             ^^^^^^^^^^^^^^^^^^^^^^^^^^^^^^^^^^^^^^^^^^^^^^^^^^^^^^^^^^^^^
  File "/home/airflow/.local/lib/python3.12/site-packages/airflow/models/taskinstance.py", line 432, in _execute_callable
    return execute_callable(context=context, **execute_callable_kwargs)
           ^^^^^^^^^^^^^^^^^^^^^^^^^^^^^^^^^^^^^^^^^^^^^^^^^^^^^^^^^^^^
  File "/home/airflow/.local/lib/python3.12/site-packages/airflow/models/baseoperator.py", line 400, in wrapper
    return func(self, *args, **kwargs)
           ^^^^^^^^^^^^^^^^^^^^^^^^^^^
  File "/home/airflow/.local/lib/python3.12/site-packages/airflow/providers/http/operators/http.py", line 166, in execute
    return self.execute_sync(context=context)
           ^^^^^^^^^^^^^^^^^^^^^^^^^^^^^^^^^^
  File "/home/airflow/.local/lib/python3.12/site-packages/airflow/providers/http/operators/http.py", line 170, in execute_sync
    response = self.hook.run(self.endpoint, self.data, self.headers, self.extra_options)
               ^^^^^^^^^^^^^^^^^^^^^^^^^^^^^^^^^^^^^^^^^^^^^^^^^^^^^^^^^^^^^^^^^^^^^^^^^
  File "/home/airflow/.local/lib/python3.12/site-packages/airflow/providers/http/hooks/http.py", line 187, in run
    return self.run_and_check(session, prepped_request, extra_options)
           ^^^^^^^^^^^^^^^^^^^^^^^^^^^^^^^^^^^^^^^^^^^^^^^^^^^^^^^^^^^
  File "/home/airflow/.local/lib/python3.12/site-packages/airflow/providers/http/hooks/http.py", line 238, in run_and_check
    self.check_response(response)
  File "/home/airflow/.local/lib/python3.12/site-packages/airflow/providers/http/hooks/http.py", line 201, in check_response
    raise AirflowException(str(response.status_code) + ":" + response.reason)
airflow.exceptions.AirflowException: 404:Not Found
[2024-05-19T15:31:48.850+0000] {taskinstance.py:1206} INFO - Marking task as UP_FOR_RETRY. dag_id=disney_api_to_s3, task_id=get_disney_data, run_id=manual__2024-05-19T15:31:46.098966+00:00, execution_date=20240519T153146, start_date=20240519T153148, end_date=20240519T153148
[2024-05-19T15:31:48.865+0000] {standard_task_runner.py:110} ERROR - Failed to execute job 12 for task get_disney_data (404:Not Found; 412)
[2024-05-19T15:31:48.884+0000] {local_task_job_runner.py:240} INFO - Task exited with return code 1
[2024-05-19T15:31:48.894+0000] {warnings.py:110} WARNING - /home/***/.local/lib/python3.12/site-packages/***/models/baseoperator.py:1296: AirflowProviderDeprecationWarning: Call to deprecated class SimpleHttpOperator. (Class `SimpleHttpOperator` is deprecated and will be removed in a future release. Please use `HttpOperator` instead.)
  result = cls.__new__(cls)

[2024-05-19T15:31:48.902+0000] {taskinstance.py:3498} INFO - 0 downstream tasks scheduled from follow-on schedule check
[2024-05-19T15:31:48.903+0000] {local_task_job_runner.py:222} INFO - ::endgroup::
