[2024-05-19T17:54:42.908+0000] {local_task_job_runner.py:120} INFO - ::group::Pre task execution logs
[2024-05-19T17:54:42.915+0000] {taskinstance.py:2076} INFO - Dependencies all met for dep_context=non-requeueable deps ti=<TaskInstance: disney_api_to_s3.save_to_s3 scheduled__2024-05-19T17:45:00+00:00 [queued]>
[2024-05-19T17:54:42.917+0000] {taskinstance.py:2076} INFO - Dependencies all met for dep_context=requeueable deps ti=<TaskInstance: disney_api_to_s3.save_to_s3 scheduled__2024-05-19T17:45:00+00:00 [queued]>
[2024-05-19T17:54:42.918+0000] {taskinstance.py:2306} INFO - Starting attempt 1 of 2
[2024-05-19T17:54:42.922+0000] {taskinstance.py:2330} INFO - Executing <Task(PythonOperator): save_to_s3> on 2024-05-19 17:45:00+00:00
[2024-05-19T17:54:42.925+0000] {warnings.py:110} WARNING - /home/***/.local/lib/python3.12/site-packages/***/task/task_runner/standard_task_runner.py:61: DeprecationWarning: This process (pid=519) is multi-threaded, use of fork() may lead to deadlocks in the child.
  pid = os.fork()

[2024-05-19T17:54:42.925+0000] {standard_task_runner.py:63} INFO - Started process 521 to run task
[2024-05-19T17:54:42.926+0000] {standard_task_runner.py:90} INFO - Running: ['***', 'tasks', 'run', 'disney_api_to_s3', 'save_to_s3', 'scheduled__2024-05-19T17:45:00+00:00', '--job-id', '91', '--raw', '--subdir', 'DAGS_FOLDER/api_disney.py', '--cfg-path', '/tmp/tmp10qf6kuc']
[2024-05-19T17:54:42.927+0000] {standard_task_runner.py:91} INFO - Job 91: Subtask save_to_s3
[2024-05-19T17:54:42.944+0000] {task_command.py:426} INFO - Running <TaskInstance: disney_api_to_s3.save_to_s3 scheduled__2024-05-19T17:45:00+00:00 [running]> on host 620090466bc8
[2024-05-19T17:54:42.983+0000] {taskinstance.py:2648} INFO - Exporting env vars: AIRFLOW_CTX_DAG_OWNER='***' AIRFLOW_CTX_DAG_ID='disney_api_to_s3' AIRFLOW_CTX_TASK_ID='save_to_s3' AIRFLOW_CTX_EXECUTION_DATE='2024-05-19T17:45:00+00:00' AIRFLOW_CTX_TRY_NUMBER='1' AIRFLOW_CTX_DAG_RUN_ID='scheduled__2024-05-19T17:45:00+00:00'
[2024-05-19T17:54:42.985+0000] {taskinstance.py:430} INFO - ::endgroup::
[2024-05-19T17:54:42.995+0000] {warnings.py:110} WARNING - /home/***/.local/lib/python3.12/site-packages/***/utils/context.py:320: AirflowContextDeprecationWarning: Accessing 'execution_date' from the template is deprecated and will be removed in a future version. Please use 'data_interval_start' or 'logical_date' instead.
  warnings.warn(_create_deprecation_warning(k, replacements))

[2024-05-19T17:54:43.005+0000] {base.py:84} INFO - Using connection ID 'aws_s3' for task execution.
[2024-05-19T17:54:43.006+0000] {connection_wrapper.py:384} INFO - AWS Connection (conn_id='aws_s3', conn_type='aws') credentials retrieved from login and password.
[2024-05-19T17:54:45.525+0000] {taskinstance.py:441} INFO - ::group::Post task execution logs
[2024-05-19T17:54:45.527+0000] {taskinstance.py:2905} ERROR - Task failed with exception
Traceback (most recent call last):
  File "/home/airflow/.local/lib/python3.12/site-packages/boto3/s3/transfer.py", line 371, in upload_file
    future.result()
  File "/home/airflow/.local/lib/python3.12/site-packages/s3transfer/futures.py", line 103, in result
    return self._coordinator.result()
           ^^^^^^^^^^^^^^^^^^^^^^^^^^
  File "/home/airflow/.local/lib/python3.12/site-packages/s3transfer/futures.py", line 266, in result
    raise self._exception
  File "/home/airflow/.local/lib/python3.12/site-packages/s3transfer/tasks.py", line 139, in __call__
    return self._execute_main(kwargs)
           ^^^^^^^^^^^^^^^^^^^^^^^^^^
  File "/home/airflow/.local/lib/python3.12/site-packages/s3transfer/tasks.py", line 162, in _execute_main
    return_value = self._main(**kwargs)
                   ^^^^^^^^^^^^^^^^^^^^
  File "/home/airflow/.local/lib/python3.12/site-packages/s3transfer/upload.py", line 764, in _main
    client.put_object(Bucket=bucket, Key=key, Body=body, **extra_args)
  File "/home/airflow/.local/lib/python3.12/site-packages/botocore/client.py", line 553, in _api_call
    return self._make_api_call(operation_name, kwargs)
           ^^^^^^^^^^^^^^^^^^^^^^^^^^^^^^^^^^^^^^^^^^^
  File "/home/airflow/.local/lib/python3.12/site-packages/botocore/client.py", line 1009, in _make_api_call
    raise error_class(parsed_response, operation_name)
botocore.exceptions.ClientError: An error occurred (RequestTimeTooSkewed) when calling the PutObject operation: The difference between the request time and the current time is too large.

During handling of the above exception, another exception occurred:

Traceback (most recent call last):
  File "/home/airflow/.local/lib/python3.12/site-packages/airflow/models/taskinstance.py", line 465, in _execute_task
    result = _execute_callable(context=context, **execute_callable_kwargs)
             ^^^^^^^^^^^^^^^^^^^^^^^^^^^^^^^^^^^^^^^^^^^^^^^^^^^^^^^^^^^^^
  File "/home/airflow/.local/lib/python3.12/site-packages/airflow/models/taskinstance.py", line 432, in _execute_callable
    return execute_callable(context=context, **execute_callable_kwargs)
           ^^^^^^^^^^^^^^^^^^^^^^^^^^^^^^^^^^^^^^^^^^^^^^^^^^^^^^^^^^^^
  File "/home/airflow/.local/lib/python3.12/site-packages/airflow/models/baseoperator.py", line 400, in wrapper
    return func(self, *args, **kwargs)
           ^^^^^^^^^^^^^^^^^^^^^^^^^^^
  File "/home/airflow/.local/lib/python3.12/site-packages/airflow/operators/python.py", line 235, in execute
    return_value = self.execute_callable()
                   ^^^^^^^^^^^^^^^^^^^^^^^
  File "/home/airflow/.local/lib/python3.12/site-packages/airflow/operators/python.py", line 252, in execute_callable
    return self.python_callable(*self.op_args, **self.op_kwargs)
           ^^^^^^^^^^^^^^^^^^^^^^^^^^^^^^^^^^^^^^^^^^^^^^^^^^^^^
  File "/opt/airflow/dags/api_disney.py", line 43, in save_to_s3
    s3_hook.load_file(parquet_filename, s3_key, bucket_name='lake-poseidon', replace=True)
  File "/home/airflow/.local/lib/python3.12/site-packages/airflow/providers/amazon/aws/hooks/s3.py", line 135, in wrapper
    return func(*bound_args.args, **bound_args.kwargs)
           ^^^^^^^^^^^^^^^^^^^^^^^^^^^^^^^^^^^^^^^^^^^
  File "/home/airflow/.local/lib/python3.12/site-packages/airflow/providers/amazon/aws/hooks/s3.py", line 89, in wrapper
    return func(*bound_args.args, **bound_args.kwargs)
           ^^^^^^^^^^^^^^^^^^^^^^^^^^^^^^^^^^^^^^^^^^^
  File "/home/airflow/.local/lib/python3.12/site-packages/airflow/providers/amazon/aws/hooks/s3.py", line 1098, in load_file
    client.upload_file(filename, bucket_name, key, ExtraArgs=extra_args, Config=self.transfer_config)
  File "/home/airflow/.local/lib/python3.12/site-packages/boto3/s3/inject.py", line 145, in upload_file
    return transfer.upload_file(
           ^^^^^^^^^^^^^^^^^^^^^
  File "/home/airflow/.local/lib/python3.12/site-packages/boto3/s3/transfer.py", line 377, in upload_file
    raise S3UploadFailedError(
boto3.exceptions.S3UploadFailedError: Failed to upload /tmp/disney_data_20240519T174500.parquet to lake-poseidon/bronze/disney_data_20240519T174500.parquet: An error occurred (RequestTimeTooSkewed) when calling the PutObject operation: The difference between the request time and the current time is too large.
[2024-05-19T17:54:45.545+0000] {taskinstance.py:1206} INFO - Marking task as UP_FOR_RETRY. dag_id=disney_api_to_s3, task_id=save_to_s3, run_id=scheduled__2024-05-19T17:45:00+00:00, execution_date=20240519T174500, start_date=20240519T175442, end_date=20240519T175445
[2024-05-19T17:54:45.559+0000] {standard_task_runner.py:110} ERROR - Failed to execute job 91 for task save_to_s3 (Failed to upload /tmp/disney_data_20240519T174500.parquet to lake-poseidon/bronze/disney_data_20240519T174500.parquet: An error occurred (RequestTimeTooSkewed) when calling the PutObject operation: The difference between the request time and the current time is too large.; 521)
[2024-05-19T17:54:45.610+0000] {local_task_job_runner.py:240} INFO - Task exited with return code 1
[2024-05-19T17:54:45.625+0000] {taskinstance.py:3498} INFO - 0 downstream tasks scheduled from follow-on schedule check
[2024-05-19T17:54:45.626+0000] {local_task_job_runner.py:222} INFO - ::endgroup::
